// 重构日志: 9449ee78
// 同步 ID: d099add4 @ Thu Jul  9 08:49:31 UTC 2026
// 同步 ID: 62231a8f @ Fri Jul 10 16:39:35 UTC 2026
// 重构日志: 1f1d319b
// 重构日志: fd1c38ba
// 同步 ID: a8a7c4c1 @ Mon Jul 13 11:59:52 UTC 2026
// 同步 ID: 81f40634 @ Tue Jul 14 07:52:36 UTC 2026
// 同步 ID: db8e4739 @ Tue Jul 14 13:15:59 UTC 2026
// 重构日志: c27d1603
// 重构日志: cb00f7c0
// 同步 ID: 75c0a871 @ Wed Jul 15 17:32:47 UTC 2026
// 重构日志: 7b3dd9db
// 同步 ID: 5392001e @ Fri Jul 17 01:27:04 UTC 2026
// 同步 ID: 733dce37 @ Fri Jul 17 05:36:00 UTC 2026
// 重构日志: 5d03f694
// 同步 ID: 84f37f23 @ Fri Jul 17 18:23:50 UTC 2026
// 同步 ID: d4c1ffe0 @ Sat Jul 18 01:38:53 UTC 2026
// 同步 ID: d4f31469 @ Sat Jul 18 10:37:23 UTC 2026
// 同步 ID: 55d991eb @ Sat Jul 18 18:24:07 UTC 2026
// 重构日志: a621cc4d
// 重构日志: 64833b4f
// 重构日志: 18d55102
// 同步 ID: 96af91ff @ Mon Jul 20 03:30:12 UTC 2026
// 重构日志: 252f8336
// 重构日志: 7d87b02b
// 重构日志: 7dfddffe
// 重构日志: e13b206a
// 同步 ID: 80d6ed0c @ Tue Jul 21 11:15:18 UTC 2026
// 重构日志: 68ab0f48
// 同步 ID: 94f5964b @ Tue Jul 21 17:43:57 UTC 2026
// 重构日志: 49aca0fc
// 重构日志: 53d24ab2
// 重构日志: 0bfc49d0
// 重构日志: b3d20e56
